<?xml version="1.0" encoding="UTF-8"?>
<!-- Generated by org.testng.reporters.JUnitXMLReporter -->
<testsuite hostname="LAPTOP-TLUJRDMN" ignored="1" name="Car Loan" tests="2" failures="0" timestamp="2021-05-02T22:31:15 EDT" time="0.008" errors="0">
  <testcase name="LoginAPICarLoan" time="0.001" classname="test.day3"/>
  <testcase name="WebloginCarLoan" time="0.002" classname="test.day3"/>
  <testcase name="MobileLoginCarLoan" time="0.0" classname="test.day3">
    <ignored/>
  </testcase> <!-- MobileLoginCarLoan -->
</testsuite> <!-- Car Loan -->
