<?xml version="1.0" encoding="UTF-8"?>
<!-- Generated by org.testng.reporters.JUnitXMLReporter -->
<testsuite hostname="LAPTOP-TLUJRDMN" ignored="2" name="PLoan" tests="5" failures="0" timestamp="2021-05-02T22:31:15 EDT" time="0.064" errors="0">
  <testcase name="test4" time="0.01" classname="test.day2"/>
  <testcase name="SecondTestCS" time="0.001" classname="test.day1"/>
  <testcase name="LoginAPIHomeLoan" time="0.001" classname="test.day4"/>
  <testcase name="MobileLoginHomeLoan" time="0.0" classname="test.day4"/>
  <testcase name="WebloginHomeLoan" time="0.002" classname="test.day4"/>
  <testcase name="FirstTestCS" time="0.0" classname="test.day1">
    <ignored/>
  </testcase> <!-- FirstTestCS -->
  <testcase name="ThirdTestCS" time="0.0" classname="test.day1">
    <ignored/>
  </testcase> <!-- ThirdTestCS -->
</testsuite> <!-- PLoan -->
