<?xml version="1.0" encoding="UTF-8"?>
<!-- Generated by org.testng.reporters.JUnitXMLReporter -->
<testsuite hostname="LAPTOP-TLUJRDMN" ignored="0" name="Default test" tests="3" failures="0" timestamp="2021-05-02T09:18:02 EDT" time="0.109" errors="0">
  <testcase name="LoginAPIHomeLoan" time="0.034" classname="test.day4"/>
  <testcase name="MobileLoginHomeLoan" time="0.006" classname="test.day4"/>
  <testcase name="WebloginHomeLoan" time="0.003" classname="test.day4"/>
</testsuite> <!-- Default test -->
