<?xml version="1.0" encoding="UTF-8"?>
<testng-results skipped="0" failed="0" ignored="3" total="10" passed="7">
  <reporter-output>
  </reporter-output>
  <suite name="Loan" duration-ms="110" started-at="2021-05-02T22:31:15 EDT" finished-at="2021-05-02T22:31:15 EDT">
    <groups>
    </groups>
    <test name="PLoan" duration-ms="64" started-at="2021-05-02T22:31:15 EDT" finished-at="2021-05-02T22:31:15 EDT">
      <class name="test.day4">
        <test-method status="PASS" signature="LoginAPIHomeLoan()[pri:0, instance:test.day4@2b9627bc]" name="LoginAPIHomeLoan" duration-ms="1" started-at="2021-05-02T22:31:15 EDT" finished-at="2021-05-02T22:31:15 EDT">
          <reporter-output>
          </reporter-output>
        </test-method> <!-- LoginAPIHomeLoan -->
        <test-method status="PASS" signature="MobileLoginHomeLoan()[pri:0, instance:test.day4@2b9627bc]" name="MobileLoginHomeLoan" duration-ms="0" started-at="2021-05-02T22:31:15 EDT" finished-at="2021-05-02T22:31:15 EDT">
          <reporter-output>
          </reporter-output>
        </test-method> <!-- MobileLoginHomeLoan -->
        <test-method status="PASS" signature="WebloginHomeLoan()[pri:0, instance:test.day4@2b9627bc]" name="WebloginHomeLoan" duration-ms="2" started-at="2021-05-02T22:31:15 EDT" finished-at="2021-05-02T22:31:15 EDT">
          <reporter-output>
          </reporter-output>
        </test-method> <!-- WebloginHomeLoan -->
      </class> <!-- test.day4 -->
      <class name="test.day2">
        <test-method status="PASS" signature="test4()[pri:0, instance:test.day2@1d16f93d]" name="test4" duration-ms="10" started-at="2021-05-02T22:31:15 EDT" finished-at="2021-05-02T22:31:15 EDT">
          <reporter-output>
          </reporter-output>
        </test-method> <!-- test4 -->
      </class> <!-- test.day2 -->
      <class name="test.day1">
        <test-method status="PASS" signature="SecondTestCS()[pri:0, instance:test.day1@67b92f0a]" name="SecondTestCS" duration-ms="1" started-at="2021-05-02T22:31:15 EDT" finished-at="2021-05-02T22:31:15 EDT">
          <reporter-output>
          </reporter-output>
        </test-method> <!-- SecondTestCS -->
      </class> <!-- test.day1 -->
    </test> <!-- PLoan -->
    <test name="Car Loan" duration-ms="8" started-at="2021-05-02T22:31:15 EDT" finished-at="2021-05-02T22:31:15 EDT">
      <class name="test.day3">
        <test-method status="PASS" signature="LoginAPICarLoan()[pri:0, instance:test.day3@7494e528]" name="LoginAPICarLoan" duration-ms="1" started-at="2021-05-02T22:31:15 EDT" finished-at="2021-05-02T22:31:15 EDT">
          <reporter-output>
          </reporter-output>
        </test-method> <!-- LoginAPICarLoan -->
        <test-method status="PASS" signature="WebloginCarLoan()[pri:0, instance:test.day3@7494e528]" name="WebloginCarLoan" duration-ms="2" started-at="2021-05-02T22:31:15 EDT" finished-at="2021-05-02T22:31:15 EDT">
          <reporter-output>
          </reporter-output>
        </test-method> <!-- WebloginCarLoan -->
      </class> <!-- test.day3 -->
    </test> <!-- Car Loan -->
  </suite> <!-- Loan -->
</testng-results>
